[23-Jun-2024 18:24:40 UTC] PHP Notice:  Function do_shortcode_tag was called incorrectly. Attempting to parse a shortcode without a valid callback: display_projects Please see <a>Debugging in WordPress</a> for more information. (This message was added in version 4.3.0.) in C:\Users\themy\Local Sites\mikedom2\app\public\wp-includes\functions.php on line 6078
[23-Jun-2024 20:31:25 UTC] PHP Parse error:  syntax error, unexpected token "<", expecting end of file in C:\Users\themy\Local Sites\mikedom2\app\public\wp-content\plugins\michaelsFormPlugin\michaelsFormPlugin.php on line 522
[23-Jun-2024 20:31:25 UTC] PHP Notice:  Function is_embed was called incorrectly. Conditional query tags do not work before the query is run. Before then, they always return false. Please see <a>Debugging in WordPress</a> for more information. (This message was added in version 3.1.0.) in C:\Users\themy\Local Sites\mikedom2\app\public\wp-includes\functions.php on line 6078
[23-Jun-2024 20:31:25 UTC] PHP Notice:  Function is_search was called incorrectly. Conditional query tags do not work before the query is run. Before then, they always return false. Please see <a>Debugging in WordPress</a> for more information. (This message was added in version 3.1.0.) in C:\Users\themy\Local Sites\mikedom2\app\public\wp-includes\functions.php on line 6078
[23-Jun-2024 20:31:32 UTC] PHP Parse error:  syntax error, unexpected token "<", expecting end of file in C:\Users\themy\Local Sites\mikedom2\app\public\wp-content\plugins\michaelsFormPlugin\michaelsFormPlugin.php on line 522
[23-Jun-2024 20:31:33 UTC] PHP Parse error:  syntax error, unexpected token "<", expecting end of file in C:\Users\themy\Local Sites\mikedom2\app\public\wp-content\plugins\michaelsFormPlugin\michaelsFormPlugin.php on line 522
[23-Jun-2024 20:31:34 UTC] PHP Parse error:  syntax error, unexpected token "<", expecting end of file in C:\Users\themy\Local Sites\mikedom2\app\public\wp-content\plugins\michaelsFormPlugin\michaelsFormPlugin.php on line 522
[23-Jun-2024 20:31:34 UTC] PHP Notice:  Function is_embed was called incorrectly. Conditional query tags do not work before the query is run. Before then, they always return false. Please see <a>Debugging in WordPress</a> for more information. (This message was added in version 3.1.0.) in C:\Users\themy\Local Sites\mikedom2\app\public\wp-includes\functions.php on line 6078
[23-Jun-2024 20:31:34 UTC] PHP Notice:  Function is_search was called incorrectly. Conditional query tags do not work before the query is run. Before then, they always return false. Please see <a>Debugging in WordPress</a> for more information. (This message was added in version 3.1.0.) in C:\Users\themy\Local Sites\mikedom2\app\public\wp-includes\functions.php on line 6078
[23-Jun-2024 20:31:46 UTC] PHP Parse error:  syntax error, unexpected token "<", expecting end of file in C:\Users\themy\Local Sites\mikedom2\app\public\wp-content\plugins\michaelsFormPlugin\michaelsFormPlugin.php on line 522
[23-Jun-2024 20:31:46 UTC] PHP Notice:  Function is_embed was called incorrectly. Conditional query tags do not work before the query is run. Before then, they always return false. Please see <a>Debugging in WordPress</a> for more information. (This message was added in version 3.1.0.) in C:\Users\themy\Local Sites\mikedom2\app\public\wp-includes\functions.php on line 6078
[23-Jun-2024 20:31:46 UTC] PHP Notice:  Function is_search was called incorrectly. Conditional query tags do not work before the query is run. Before then, they always return false. Please see <a>Debugging in WordPress</a> for more information. (This message was added in version 3.1.0.) in C:\Users\themy\Local Sites\mikedom2\app\public\wp-includes\functions.php on line 6078
[23-Jun-2024 20:32:16 UTC] PHP Parse error:  syntax error, unexpected token "<", expecting end of file in C:\Users\themy\Local Sites\mikedom2\app\public\wp-content\plugins\michaelsFormPlugin\michaelsFormPlugin.php on line 522
[23-Jun-2024 20:32:16 UTC] PHP Notice:  Function is_embed was called incorrectly. Conditional query tags do not work before the query is run. Before then, they always return false. Please see <a>Debugging in WordPress</a> for more information. (This message was added in version 3.1.0.) in C:\Users\themy\Local Sites\mikedom2\app\public\wp-includes\functions.php on line 6078
[23-Jun-2024 20:32:16 UTC] PHP Notice:  Function is_search was called incorrectly. Conditional query tags do not work before the query is run. Before then, they always return false. Please see <a>Debugging in WordPress</a> for more information. (This message was added in version 3.1.0.) in C:\Users\themy\Local Sites\mikedom2\app\public\wp-includes\functions.php on line 6078
[23-Jun-2024 20:33:05 UTC] PHP Parse error:  syntax error, unexpected token "<", expecting end of file in C:\Users\themy\Local Sites\mikedom2\app\public\wp-content\plugins\michaelsFormPlugin\michaelsFormPlugin.php on line 522
[23-Jun-2024 20:33:05 UTC] PHP Notice:  Function is_embed was called incorrectly. Conditional query tags do not work before the query is run. Before then, they always return false. Please see <a>Debugging in WordPress</a> for more information. (This message was added in version 3.1.0.) in C:\Users\themy\Local Sites\mikedom2\app\public\wp-includes\functions.php on line 6078
[23-Jun-2024 20:33:05 UTC] PHP Notice:  Function is_search was called incorrectly. Conditional query tags do not work before the query is run. Before then, they always return false. Please see <a>Debugging in WordPress</a> for more information. (This message was added in version 3.1.0.) in C:\Users\themy\Local Sites\mikedom2\app\public\wp-includes\functions.php on line 6078
[23-Jun-2024 20:35:35 UTC] PHP Parse error:  syntax error, unexpected token "<", expecting end of file in C:\Users\themy\Local Sites\mikedom2\app\public\wp-content\plugins\michaelsFormPlugin\michaelsFormPlugin.php on line 522
[23-Jun-2024 20:35:35 UTC] PHP Notice:  Function is_embed was called incorrectly. Conditional query tags do not work before the query is run. Before then, they always return false. Please see <a>Debugging in WordPress</a> for more information. (This message was added in version 3.1.0.) in C:\Users\themy\Local Sites\mikedom2\app\public\wp-includes\functions.php on line 6078
[23-Jun-2024 20:35:35 UTC] PHP Notice:  Function is_search was called incorrectly. Conditional query tags do not work before the query is run. Before then, they always return false. Please see <a>Debugging in WordPress</a> for more information. (This message was added in version 3.1.0.) in C:\Users\themy\Local Sites\mikedom2\app\public\wp-includes\functions.php on line 6078
[23-Jun-2024 20:35:50 UTC] Xdebug: [Step Debug] Time-out connecting to debugging client, waited: 200 ms. Tried: localhost:9003 (fallback through xdebug.client_host/xdebug.client_port) :-(
[23-Jun-2024 20:35:50 UTC] Xdebug: [Step Debug] Time-out connecting to debugging client, waited: 200 ms. Tried: localhost:9003 (fallback through xdebug.client_host/xdebug.client_port) :-(
[23-Jun-2024 20:35:51 UTC] Xdebug: [Step Debug] Time-out connecting to debugging client, waited: 200 ms. Tried: localhost:9003 (fallback through xdebug.client_host/xdebug.client_port) :-(
[23-Jun-2024 20:35:51 UTC] Xdebug: [Step Debug] Time-out connecting to debugging client, waited: 200 ms. Tried: localhost:9003 (fallback through xdebug.client_host/xdebug.client_port) :-(
[23-Jun-2024 20:35:51 UTC] Xdebug: [Step Debug] Time-out connecting to debugging client, waited: 200 ms. Tried: localhost:9003 (fallback through xdebug.client_host/xdebug.client_port) :-(
[23-Jun-2024 20:35:51 UTC] Xdebug: [Step Debug] Time-out connecting to debugging client, waited: 200 ms. Tried: localhost:9003 (fallback through xdebug.client_host/xdebug.client_port) :-(
[23-Jun-2024 20:35:51 UTC] Xdebug: [Step Debug] Time-out connecting to debugging client, waited: 200 ms. Tried: localhost:9003 (fallback through xdebug.client_host/xdebug.client_port) :-(
[23-Jun-2024 20:35:51 UTC] Xdebug: [Step Debug] Time-out connecting to debugging client, waited: 200 ms. Tried: localhost:9003 (fallback through xdebug.client_host/xdebug.client_port) :-(
[23-Jun-2024 20:35:51 UTC] Xdebug: [Step Debug] Time-out connecting to debugging client, waited: 200 ms. Tried: localhost:9003 (fallback through xdebug.client_host/xdebug.client_port) :-(
[23-Jun-2024 20:35:52 UTC] Xdebug: [Step Debug] Time-out connecting to debugging client, waited: 200 ms. Tried: localhost:9003 (fallback through xdebug.client_host/xdebug.client_port) :-(
[23-Jun-2024 20:35:52 UTC] Xdebug: [Step Debug] Time-out connecting to debugging client, waited: 200 ms. Tried: localhost:9003 (fallback through xdebug.client_host/xdebug.client_port) :-(
[23-Jun-2024 20:35:52 UTC] Xdebug: [Step Debug] Time-out connecting to debugging client, waited: 200 ms. Tried: localhost:9003 (fallback through xdebug.client_host/xdebug.client_port) :-(
[23-Jun-2024 20:35:57 UTC] Xdebug: [Step Debug] Time-out connecting to debugging client, waited: 200 ms. Tried: localhost:9003 (fallback through xdebug.client_host/xdebug.client_port) :-(
[23-Jun-2024 20:35:57 UTC] Xdebug: [Step Debug] Time-out connecting to debugging client, waited: 200 ms. Tried: localhost:9003 (fallback through xdebug.client_host/xdebug.client_port) :-(
[23-Jun-2024 20:35:57 UTC] Xdebug: [Step Debug] Time-out connecting to debugging client, waited: 200 ms. Tried: localhost:9003 (fallback through xdebug.client_host/xdebug.client_port) :-(
[23-Jun-2024 20:35:58 UTC] Xdebug: [Step Debug] Time-out connecting to debugging client, waited: 200 ms. Tried: localhost:9003 (fallback through xdebug.client_host/xdebug.client_port) :-(
[23-Jun-2024 20:35:58 UTC] Xdebug: [Step Debug] Time-out connecting to debugging client, waited: 200 ms. Tried: localhost:9003 (fallback through xdebug.client_host/xdebug.client_port) :-(
[23-Jun-2024 20:35:58 UTC] Xdebug: [Step Debug] Time-out connecting to debugging client, waited: 200 ms. Tried: localhost:9003 (fallback through xdebug.client_host/xdebug.client_port) :-(
[23-Jun-2024 20:35:59 UTC] Xdebug: [Step Debug] Time-out connecting to debugging client, waited: 200 ms. Tried: localhost:9003 (fallback through xdebug.client_host/xdebug.client_port) :-(
[23-Jun-2024 20:35:59 UTC] Xdebug: [Step Debug] Time-out connecting to debugging client, waited: 200 ms. Tried: localhost:9003 (fallback through xdebug.client_host/xdebug.client_port) :-(
[23-Jun-2024 20:36:01 UTC] PHP Parse error:  syntax error, unexpected token "<", expecting end of file in C:\Users\themy\Local Sites\mikedom2\app\public\wp-content\plugins\michaelsFormPlugin\michaelsFormPlugin.php on line 522
[23-Jun-2024 20:36:02 UTC] Xdebug: [Step Debug] Time-out connecting to debugging client, waited: 200 ms. Tried: ::1:9003 (from HTTP_X_FORWARDED_FOR HTTP header), localhost:9003 (fallback through xdebug.client_host/xdebug.client_port) :-(
[23-Jun-2024 20:36:02 UTC] PHP Notice:  Function is_embed was called incorrectly. Conditional query tags do not work before the query is run. Before then, they always return false. Please see <a>Debugging in WordPress</a> for more information. (This message was added in version 3.1.0.) in C:\Users\themy\Local Sites\mikedom2\app\public\wp-includes\functions.php on line 6078
[23-Jun-2024 20:36:02 UTC] PHP Stack trace:
[23-Jun-2024 20:36:02 UTC] PHP   1. WP_Fatal_Error_Handler->handle() C:\Users\themy\Local Sites\mikedom2\app\public\wp-includes\class-wp-fatal-error-handler.php:0
[23-Jun-2024 20:36:02 UTC] PHP   2. WP_Fatal_Error_Handler->display_error_template($error = ['type' => 4, 'message' => 'syntax error, unexpected token "<", expecting end of file', 'file' => 'C:\\Users\\themy\\Local Sites\\mikedom2\\app\\public\\wp-content\\plugins\\michaelsFormPlugin\\michaelsFormPlugin.php', 'line' => 522], $handled = class WP_Error { public $errors = ['email_sent_already' => [...]]; public $error_data = []; protected $additional_data = [] }) C:\Users\themy\Local Sites\mikedom2\app\public\wp-includes\class-wp-fatal-error-handler.php:60
[23-Jun-2024 20:36:02 UTC] PHP   3. WP_Fatal_Error_Handler->display_default_error_template($error = ['type' => 4, 'message' => 'syntax error, unexpected token "<", expecting end of file', 'file' => 'C:\\Users\\themy\\Local Sites\\mikedom2\\app\\public\\wp-content\\plugins\\michaelsFormPlugin\\michaelsFormPlugin.php', 'line' => 522], $handled = class WP_Error { public $errors = ['email_sent_already' => [...]]; public $error_data = []; protected $additional_data = [] }) C:\Users\themy\Local Sites\mikedom2\app\public\wp-includes\class-wp-fatal-error-handler.php:156
[23-Jun-2024 20:36:02 UTC] PHP   4. wp_die($message = class WP_Error { public $errors = ['internal_server_error' => [...]]; public $error_data = ['internal_server_error' => [...]]; protected $additional_data = [] }, $title = '', $args = ['response' => 500, 'exit' => FALSE]) C:\Users\themy\Local Sites\mikedom2\app\public\wp-includes\class-wp-fatal-error-handler.php:241
[23-Jun-2024 20:36:02 UTC] PHP   5. _default_wp_die_handler($message = class WP_Error { public $errors = ['internal_server_error' => [...]]; public $error_data = ['internal_server_error' => [...]]; protected $additional_data = [] }, $title = '', $args = ['response' => 500, 'exit' => FALSE]) C:\Users\themy\Local Sites\mikedom2\app\public\wp-includes\functions.php:3785
[23-Jun-2024 20:36:02 UTC] PHP   6. wp_robots() C:\Users\themy\Local Sites\mikedom2\app\public\wp-includes\functions.php:3863
[23-Jun-2024 20:36:02 UTC] PHP   7. apply_filters($hook_name = 'wp_robots', $value = []) C:\Users\themy\Local Sites\mikedom2\app\public\wp-includes\robots-template.php:32
[23-Jun-2024 20:36:02 UTC] PHP   8. WP_Hook->apply_filters($value = [], $args = [0 => []]) C:\Users\themy\Local Sites\mikedom2\app\public\wp-includes\plugin.php:205
[23-Jun-2024 20:36:02 UTC] PHP   9. wp_robots_noindex_embeds($robots = []) C:\Users\themy\Local Sites\mikedom2\app\public\wp-includes\class-wp-hook.php:324
[23-Jun-2024 20:36:02 UTC] PHP  10. is_embed() C:\Users\themy\Local Sites\mikedom2\app\public\wp-includes\robots-template.php:93
[23-Jun-2024 20:36:02 UTC] PHP  11. _doing_it_wrong($function_name = 'is_embed', $message = 'Conditional query tags do not work before the query is run. Before then, they always return false.', $version = '3.1.0') C:\Users\themy\Local Sites\mikedom2\app\public\wp-includes\query.php:882
[23-Jun-2024 20:36:02 UTC] PHP  12. wp_trigger_error($function_name = '', $message = 'Function is_embed was called <strong>incorrectly</strong>. Conditional query tags do not work before the query is run. Before then, they always return false. Please see <a href="https://wordpress.org/documentation/article/debugging-in-wordpress/">Debugging in WordPress</a> for more information. (This message was added in version 3.1.0.)', $error_level = *uninitialized*) C:\Users\themy\Local Sites\mikedom2\app\public\wp-includes\functions.php:6022
[23-Jun-2024 20:36:02 UTC] PHP  13. trigger_error($message = 'Function is_embed was called incorrectly. Conditional query tags do not work before the query is run. Before then, they always return false. Please see <a>Debugging in WordPress</a> for more information. (This message was added in version 3.1.0.)', $error_level = 1024) C:\Users\themy\Local Sites\mikedom2\app\public\wp-includes\functions.php:6078
[23-Jun-2024 20:36:02 UTC] PHP Notice:  Function is_search was called incorrectly. Conditional query tags do not work before the query is run. Before then, they always return false. Please see <a>Debugging in WordPress</a> for more information. (This message was added in version 3.1.0.) in C:\Users\themy\Local Sites\mikedom2\app\public\wp-includes\functions.php on line 6078
[23-Jun-2024 20:36:02 UTC] PHP Stack trace:
[23-Jun-2024 20:36:02 UTC] PHP   1. WP_Fatal_Error_Handler->handle() C:\Users\themy\Local Sites\mikedom2\app\public\wp-includes\class-wp-fatal-error-handler.php:0
[23-Jun-2024 20:36:02 UTC] PHP   2. WP_Fatal_Error_Handler->display_error_template($error = ['type' => 4, 'message' => 'syntax error, unexpected token "<", expecting end of file', 'file' => 'C:\\Users\\themy\\Local Sites\\mikedom2\\app\\public\\wp-content\\plugins\\michaelsFormPlugin\\michaelsFormPlugin.php', 'line' => 522], $handled = class WP_Error { public $errors = ['email_sent_already' => [...]]; public $error_data = []; protected $additional_data = [] }) C:\Users\themy\Local Sites\mikedom2\app\public\wp-includes\class-wp-fatal-error-handler.php:60
[23-Jun-2024 20:36:02 UTC] PHP   3. WP_Fatal_Error_Handler->display_default_error_template($error = ['type' => 4, 'message' => 'syntax error, unexpected token "<", expecting end of file', 'file' => 'C:\\Users\\themy\\Local Sites\\mikedom2\\app\\public\\wp-content\\plugins\\michaelsFormPlugin\\michaelsFormPlugin.php', 'line' => 522], $handled = class WP_Error { public $errors = ['email_sent_already' => [...]]; public $error_data = []; protected $additional_data = [] }) C:\Users\themy\Local Sites\mikedom2\app\public\wp-includes\class-wp-fatal-error-handler.php:156
[23-Jun-2024 20:36:02 UTC] PHP   4. wp_die($message = class WP_Error { public $errors = ['internal_server_error' => [...]]; public $error_data = ['internal_server_error' => [...]]; protected $additional_data = [] }, $title = '', $args = ['response' => 500, 'exit' => FALSE]) C:\Users\themy\Local Sites\mikedom2\app\public\wp-includes\class-wp-fatal-error-handler.php:241
[23-Jun-2024 20:36:02 UTC] PHP   5. _default_wp_die_handler($message = class WP_Error { public $errors = ['internal_server_error' => [...]]; public $error_data = ['internal_server_error' => [...]]; protected $additional_data = [] }, $title = '', $args = ['response' => 500, 'exit' => FALSE]) C:\Users\themy\Local Sites\mikedom2\app\public\wp-includes\functions.php:3785
[23-Jun-2024 20:36:02 UTC] PHP   6. wp_robots() C:\Users\themy\Local Sites\mikedom2\app\public\wp-includes\functions.php:3863
[23-Jun-2024 20:36:02 UTC] PHP   7. apply_filters($hook_name = 'wp_robots', $value = []) C:\Users\themy\Local Sites\mikedom2\app\public\wp-includes\robots-template.php:32
[23-Jun-2024 20:36:02 UTC] PHP   8. WP_Hook->apply_filters($value = [], $args = [0 => []]) C:\Users\themy\Local Sites\mikedom2\app\public\wp-includes\plugin.php:205
[23-Jun-2024 20:36:02 UTC] PHP   9. wp_robots_noindex_search($robots = []) C:\Users\themy\Local Sites\mikedom2\app\public\wp-includes\class-wp-hook.php:324
[23-Jun-2024 20:36:02 UTC] PHP  10. is_search() C:\Users\themy\Local Sites\mikedom2\app\public\wp-includes\robots-template.php:119
[23-Jun-2024 20:36:02 UTC] PHP  11. _doing_it_wrong($function_name = 'is_search', $message = 'Conditional query tags do not work before the query is run. Before then, they always return false.', $version = '3.1.0') C:\Users\themy\Local Sites\mikedom2\app\public\wp-includes\query.php:700
[23-Jun-2024 20:36:02 UTC] PHP  12. wp_trigger_error($function_name = '', $message = 'Function is_search was called <strong>incorrectly</strong>. Conditional query tags do not work before the query is run. Before then, they always return false. Please see <a href="https://wordpress.org/documentation/article/debugging-in-wordpress/">Debugging in WordPress</a> for more information. (This message was added in version 3.1.0.)', $error_level = *uninitialized*) C:\Users\themy\Local Sites\mikedom2\app\public\wp-includes\functions.php:6022
[23-Jun-2024 20:36:02 UTC] PHP  13. trigger_error($message = 'Function is_search was called incorrectly. Conditional query tags do not work before the query is run. Before then, they always return false. Please see <a>Debugging in WordPress</a> for more information. (This message was added in version 3.1.0.)', $error_level = 1024) C:\Users\themy\Local Sites\mikedom2\app\public\wp-includes\functions.php:6078
[23-Jun-2024 20:36:03 UTC] Xdebug: [Step Debug] Time-out connecting to debugging client, waited: 200 ms. Tried: ::1:9003 (from HTTP_X_FORWARDED_FOR HTTP header), localhost:9003 (fallback through xdebug.client_host/xdebug.client_port) :-(
[23-Jun-2024 20:37:34 UTC] Xdebug: [Step Debug] Time-out connecting to debugging client, waited: 200 ms. Tried: ::1:9003 (from HTTP_X_FORWARDED_FOR HTTP header), localhost:9003 (fallback through xdebug.client_host/xdebug.client_port) :-(
[23-Jun-2024 20:37:34 UTC] Xdebug: [Step Debug] Time-out connecting to debugging client, waited: 200 ms. Tried: ::1:9003 (from HTTP_X_FORWARDED_FOR HTTP header), localhost:9003 (fallback through xdebug.client_host/xdebug.client_port) :-(
[23-Jun-2024 20:37:37 UTC] Xdebug: [Step Debug] Time-out connecting to debugging client, waited: 200 ms. Tried: ::1:9003 (from HTTP_X_FORWARDED_FOR HTTP header), localhost:9003 (fallback through xdebug.client_host/xdebug.client_port) :-(
[23-Jun-2024 20:37:37 UTC] Xdebug: [Step Debug] Time-out connecting to debugging client, waited: 200 ms. Tried: ::1:9003 (from HTTP_X_FORWARDED_FOR HTTP header), localhost:9003 (fallback through xdebug.client_host/xdebug.client_port) :-(
[23-Jun-2024 20:37:52 UTC] Xdebug: [Step Debug] Time-out connecting to debugging client, waited: 200 ms. Tried: ::1:9003 (from HTTP_X_FORWARDED_FOR HTTP header), localhost:9003 (fallback through xdebug.client_host/xdebug.client_port) :-(
[23-Jun-2024 20:37:53 UTC] Xdebug: [Step Debug] Time-out connecting to debugging client, waited: 200 ms. Tried: ::1:9003 (from HTTP_X_FORWARDED_FOR HTTP header), localhost:9003 (fallback through xdebug.client_host/xdebug.client_port) :-(
[23-Jun-2024 20:38:55 UTC] Xdebug: [Step Debug] Time-out connecting to debugging client, waited: 200 ms. Tried: ::1:9003 (from HTTP_X_FORWARDED_FOR HTTP header), localhost:9003 (fallback through xdebug.client_host/xdebug.client_port) :-(
[23-Jun-2024 20:38:56 UTC] Xdebug: [Step Debug] Time-out connecting to debugging client, waited: 200 ms. Tried: ::1:9003 (from HTTP_X_FORWARDED_FOR HTTP header), localhost:9003 (fallback through xdebug.client_host/xdebug.client_port) :-(
[23-Jun-2024 20:39:03 UTC] Xdebug: [Step Debug] Time-out connecting to debugging client, waited: 200 ms. Tried: ::1:9003 (from HTTP_X_FORWARDED_FOR HTTP header), localhost:9003 (fallback through xdebug.client_host/xdebug.client_port) :-(
[23-Jun-2024 20:39:04 UTC] Xdebug: [Step Debug] Time-out connecting to debugging client, waited: 200 ms. Tried: ::1:9003 (from HTTP_X_FORWARDED_FOR HTTP header), localhost:9003 (fallback through xdebug.client_host/xdebug.client_port) :-(
[23-Jun-2024 20:39:05 UTC] Xdebug: [Step Debug] Time-out connecting to debugging client, waited: 200 ms. Tried: ::1:9003 (from HTTP_X_FORWARDED_FOR HTTP header), localhost:9003 (fallback through xdebug.client_host/xdebug.client_port) :-(
[23-Jun-2024 20:39:06 UTC] Xdebug: [Step Debug] Time-out connecting to debugging client, waited: 200 ms. Tried: ::1:9003 (from HTTP_X_FORWARDED_FOR HTTP header), localhost:9003 (fallback through xdebug.client_host/xdebug.client_port) :-(
[23-Jun-2024 20:39:07 UTC] Xdebug: [Step Debug] Time-out connecting to debugging client, waited: 200 ms. Tried: ::1:9003 (from HTTP_X_FORWARDED_FOR HTTP header), localhost:9003 (fallback through xdebug.client_host/xdebug.client_port) :-(
[23-Jun-2024 20:39:08 UTC] Xdebug: [Step Debug] Time-out connecting to debugging client, waited: 200 ms. Tried: ::1:9003 (from HTTP_X_FORWARDED_FOR HTTP header), localhost:9003 (fallback through xdebug.client_host/xdebug.client_port) :-(
[23-Jun-2024 20:39:17 UTC] Xdebug: [Step Debug] Time-out connecting to debugging client, waited: 200 ms. Tried: ::1:9003 (from HTTP_X_FORWARDED_FOR HTTP header), localhost:9003 (fallback through xdebug.client_host/xdebug.client_port) :-(
[23-Jun-2024 20:39:18 UTC] Xdebug: [Step Debug] Time-out connecting to debugging client, waited: 200 ms. Tried: ::1:9003 (from HTTP_X_FORWARDED_FOR HTTP header), localhost:9003 (fallback through xdebug.client_host/xdebug.client_port) :-(
[23-Jun-2024 20:39:19 UTC] Xdebug: [Step Debug] Time-out connecting to debugging client, waited: 200 ms. Tried: ::1:9003 (from HTTP_X_FORWARDED_FOR HTTP header), localhost:9003 (fallback through xdebug.client_host/xdebug.client_port) :-(
[23-Jun-2024 20:39:20 UTC] Xdebug: [Step Debug] Time-out connecting to debugging client, waited: 200 ms. Tried: ::1:9003 (from HTTP_X_FORWARDED_FOR HTTP header), localhost:9003 (fallback through xdebug.client_host/xdebug.client_port) :-(
[23-Jun-2024 20:39:27 UTC] Xdebug: [Step Debug] Time-out connecting to debugging client, waited: 200 ms. Tried: ::1:9003 (from HTTP_X_FORWARDED_FOR HTTP header), localhost:9003 (fallback through xdebug.client_host/xdebug.client_port) :-(
[23-Jun-2024 20:39:28 UTC] Xdebug: [Step Debug] Time-out connecting to debugging client, waited: 200 ms. Tried: ::1:9003 (from HTTP_X_FORWARDED_FOR HTTP header), localhost:9003 (fallback through xdebug.client_host/xdebug.client_port) :-(
[23-Jun-2024 20:39:32 UTC] Xdebug: [Step Debug] Time-out connecting to debugging client, waited: 200 ms. Tried: ::1:9003 (from HTTP_X_FORWARDED_FOR HTTP header), localhost:9003 (fallback through xdebug.client_host/xdebug.client_port) :-(
[23-Jun-2024 20:39:33 UTC] Xdebug: [Step Debug] Time-out connecting to debugging client, waited: 200 ms. Tried: ::1:9003 (from HTTP_X_FORWARDED_FOR HTTP header), localhost:9003 (fallback through xdebug.client_host/xdebug.client_port) :-(
[23-Jun-2024 20:39:38 UTC] Xdebug: [Step Debug] Time-out connecting to debugging client, waited: 200 ms. Tried: ::1:9003 (from HTTP_X_FORWARDED_FOR HTTP header), localhost:9003 (fallback through xdebug.client_host/xdebug.client_port) :-(
[23-Jun-2024 20:39:39 UTC] Xdebug: [Step Debug] Time-out connecting to debugging client, waited: 200 ms. Tried: ::1:9003 (from HTTP_X_FORWARDED_FOR HTTP header), localhost:9003 (fallback through xdebug.client_host/xdebug.client_port) :-(
[23-Jun-2024 20:39:40 UTC] Xdebug: [Step Debug] Time-out connecting to debugging client, waited: 200 ms. Tried: ::1:9003 (from HTTP_X_FORWARDED_FOR HTTP header), localhost:9003 (fallback through xdebug.client_host/xdebug.client_port) :-(
[23-Jun-2024 20:39:41 UTC] Xdebug: [Step Debug] Time-out connecting to debugging client, waited: 200 ms. Tried: ::1:9003 (from HTTP_X_FORWARDED_FOR HTTP header), localhost:9003 (fallback through xdebug.client_host/xdebug.client_port) :-(
[23-Jun-2024 20:39:43 UTC] Xdebug: [Step Debug] Time-out connecting to debugging client, waited: 200 ms. Tried: ::1:9003 (from HTTP_X_FORWARDED_FOR HTTP header), localhost:9003 (fallback through xdebug.client_host/xdebug.client_port) :-(
[23-Jun-2024 20:39:44 UTC] Xdebug: [Step Debug] Time-out connecting to debugging client, waited: 200 ms. Tried: ::1:9003 (from HTTP_X_FORWARDED_FOR HTTP header), localhost:9003 (fallback through xdebug.client_host/xdebug.client_port) :-(
[23-Jun-2024 20:39:46 UTC] Xdebug: [Step Debug] Time-out connecting to debugging client, waited: 200 ms. Tried: ::1:9003 (from HTTP_X_FORWARDED_FOR HTTP header), localhost:9003 (fallback through xdebug.client_host/xdebug.client_port) :-(
[23-Jun-2024 20:39:47 UTC] Xdebug: [Step Debug] Time-out connecting to debugging client, waited: 200 ms. Tried: ::1:9003 (from HTTP_X_FORWARDED_FOR HTTP header), localhost:9003 (fallback through xdebug.client_host/xdebug.client_port) :-(
[23-Jun-2024 20:39:49 UTC] Xdebug: [Step Debug] Time-out connecting to debugging client, waited: 200 ms. Tried: ::1:9003 (from HTTP_X_FORWARDED_FOR HTTP header), localhost:9003 (fallback through xdebug.client_host/xdebug.client_port) :-(
[23-Jun-2024 20:39:50 UTC] Xdebug: [Step Debug] Time-out connecting to debugging client, waited: 200 ms. Tried: localhost:9003 (fallback through xdebug.client_host/xdebug.client_port) :-(
[23-Jun-2024 20:39:50 UTC] Xdebug: [Step Debug] Time-out connecting to debugging client, waited: 200 ms. Tried: ::1:9003 (from HTTP_X_FORWARDED_FOR HTTP header), localhost:9003 (fallback through xdebug.client_host/xdebug.client_port) :-(
[23-Jun-2024 20:39:50 UTC] Xdebug: [Step Debug] Time-out connecting to debugging client, waited: 200 ms. Tried: localhost:9003 (fallback through xdebug.client_host/xdebug.client_port) :-(
[23-Jun-2024 20:39:51 UTC] Xdebug: [Step Debug] Time-out connecting to debugging client, waited: 200 ms. Tried: localhost:9003 (fallback through xdebug.client_host/xdebug.client_port) :-(
[23-Jun-2024 20:39:51 UTC] Xdebug: [Step Debug] Time-out connecting to debugging client, waited: 200 ms. Tried: localhost:9003 (fallback through xdebug.client_host/xdebug.client_port) :-(
[23-Jun-2024 21:22:16 UTC] WordPress database error Unknown column 'credits' in 'field list' for query UPDATE `wp_solution_providers` SET `credits` = 40 WHERE `provider_id` = 2 made by do_action('admin_post_handle_provider_credits_form'), WP_Hook->do_action, WP_Hook->apply_filters, handle_provider_credits_form
[24-Jun-2024 01:10:15 UTC] WordPress database error Table 'local.portal_users' doesn't exist for query SELECT PU_ID FROM Portal_Users WHERE PU_Email = 'test@email.com' made by do_action('admin_post_handle_create_account'), WP_Hook->do_action, WP_Hook->apply_filters, handle_create_account
[24-Jun-2024 01:10:15 UTC] WordPress database error Table 'local.portal_users' doesn't exist for query SHOW FULL COLUMNS FROM `Portal_Users` made by do_action('admin_post_handle_create_account'), WP_Hook->do_action, WP_Hook->apply_filters, handle_create_account
[24-Jun-2024 01:11:32 UTC] WordPress database error Table 'local.portal_users' doesn't exist for query SELECT PU_ID FROM Portal_Users WHERE PU_Email = 'test@email.com' made by do_action('admin_post_handle_create_account'), WP_Hook->do_action, WP_Hook->apply_filters, handle_create_account
[24-Jun-2024 01:11:32 UTC] WordPress database error Table 'local.portal_users' doesn't exist for query SHOW FULL COLUMNS FROM `Portal_Users` made by do_action('admin_post_handle_create_account'), WP_Hook->do_action, WP_Hook->apply_filters, handle_create_account
[24-Jun-2024 01:17:54 UTC] WordPress database error Table 'local.portal_users' doesn't exist for query SELECT PU_ID FROM Portal_Users WHERE PU_Email = 'test@email.com' made by do_action('admin_post_handle_create_account'), WP_Hook->do_action, WP_Hook->apply_filters, handle_create_account
[24-Jun-2024 01:17:54 UTC] WordPress database error Table 'local.portal_users' doesn't exist for query SHOW FULL COLUMNS FROM `Portal_Users` made by do_action('admin_post_handle_create_account'), WP_Hook->do_action, WP_Hook->apply_filters, handle_create_account
[24-Jun-2024 01:23:12 UTC] WordPress database error Table 'local.portal_users' doesn't exist for query SELECT PU_ID FROM Portal_Users WHERE PU_Email = 'test@email.com' made by do_action('admin_post_handle_create_account'), WP_Hook->do_action, WP_Hook->apply_filters, handle_create_account
[24-Jun-2024 01:23:12 UTC] WordPress database error Table 'local.portal_users' doesn't exist for query SHOW FULL COLUMNS FROM `Portal_Users` made by do_action('admin_post_handle_create_account'), WP_Hook->do_action, WP_Hook->apply_filters, handle_create_account
[24-Jun-2024 01:30:54 UTC] WordPress database error Unknown column 'PU_credits' in 'field list' for query SELECT PU_id, PU_profile_pic, PU_credits FROM wp_Portal_Users WHERE PU_id = 0 made by require('wp-blog-header.php'), require_once('wp-includes/template-loader.php'), include('wp-includes/template-canvas.php'), get_the_block_template_html, do_shortcode, preg_replace_callback, do_shortcode_tag, profile_bar_shortcode
[24-Jun-2024 02:17:43 UTC] PHP Warning:  Undefined property: stdClass::$PU_ID in C:\Users\themy\Local Sites\mikedom2\app\public\wp-content\plugins\michaelsNewFormPlugin\michaelsNewFormPlugin.php on line 58
[24-Jun-2024 03:03:03 UTC] WordPress database error Table 'local.wp_provider_profiles' doesn't exist for query SHOW FULL COLUMNS FROM `wp_Provider_Profiles` made by do_action('admin_post_handle_provider_form'), WP_Hook->do_action, WP_Hook->apply_filters, handle_provider_form
[24-Jun-2024 03:42:39 UTC] JavaScript Error: Uncaught TypeError: Cannot read properties of null (reading 'style') in http://mikedom2.local/ on line 1228 column 33 at http://mikedom2.local/
[24-Jun-2024 03:42:39 UTC] JavaScript Error: Uncaught TypeError: Cannot read properties of null (reading 'style') in http://mikedom2.local/ on line 1228 column 33 at http://mikedom2.local/
[24-Jun-2024 03:42:39 UTC] JavaScript Error: Uncaught TypeError: Cannot read properties of null (reading 'style') in http://mikedom2.local/ on line 1228 column 33 at http://mikedom2.local/
[24-Jun-2024 03:42:41 UTC] JavaScript Error: Uncaught TypeError: Cannot read properties of null (reading 'style') in http://mikedom2.local/ on line 1228 column 33 at http://mikedom2.local/
[24-Jun-2024 03:42:42 UTC] JavaScript Error: Uncaught TypeError: Cannot read properties of null (reading 'style') in http://mikedom2.local/ on line 1228 column 33 at http://mikedom2.local/
[24-Jun-2024 03:42:42 UTC] JavaScript Error: Uncaught TypeError: Cannot read properties of null (reading 'style') in http://mikedom2.local/ on line 1228 column 33 at http://mikedom2.local/
[24-Jun-2024 03:42:42 UTC] JavaScript Error: Uncaught TypeError: Cannot read properties of null (reading 'style') in http://mikedom2.local/ on line 1228 column 33 at http://mikedom2.local/
[24-Jun-2024 03:42:43 UTC] JavaScript Error: Uncaught TypeError: Cannot read properties of null (reading 'style') in http://mikedom2.local/ on line 1228 column 33 at http://mikedom2.local/
[24-Jun-2024 03:42:43 UTC] JavaScript Error: Uncaught TypeError: Cannot read properties of null (reading 'style') in http://mikedom2.local/ on line 1228 column 33 at http://mikedom2.local/
[24-Jun-2024 03:42:44 UTC] JavaScript Error: Uncaught TypeError: Cannot read properties of null (reading 'style') in http://mikedom2.local/ on line 1228 column 33 at http://mikedom2.local/
[24-Jun-2024 03:42:44 UTC] JavaScript Error: Uncaught TypeError: Cannot read properties of null (reading 'style') in http://mikedom2.local/ on line 1228 column 33 at http://mikedom2.local/
[24-Jun-2024 03:42:44 UTC] JavaScript Error: Uncaught TypeError: Cannot read properties of null (reading 'style') in http://mikedom2.local/ on line 1228 column 33 at http://mikedom2.local/
[24-Jun-2024 03:42:45 UTC] JavaScript Error: Uncaught TypeError: Cannot read properties of null (reading 'style') in http://mikedom2.local/ on line 1228 column 33 at http://mikedom2.local/
[24-Jun-2024 03:42:45 UTC] JavaScript Error: Uncaught TypeError: Cannot read properties of null (reading 'style') in http://mikedom2.local/ on line 1228 column 33 at http://mikedom2.local/
[24-Jun-2024 03:42:45 UTC] JavaScript Error: Uncaught TypeError: Cannot read properties of null (reading 'style') in http://mikedom2.local/ on line 1228 column 33 at http://mikedom2.local/
[24-Jun-2024 03:42:45 UTC] JavaScript Error: Uncaught TypeError: Cannot read properties of null (reading 'style') in http://mikedom2.local/ on line 1228 column 33 at http://mikedom2.local/
[24-Jun-2024 03:42:46 UTC] JavaScript Error: Uncaught TypeError: Cannot read properties of null (reading 'style') in http://mikedom2.local/ on line 1228 column 33 at http://mikedom2.local/
[24-Jun-2024 03:42:46 UTC] JavaScript Error: Uncaught TypeError: Cannot read properties of null (reading 'style') in http://mikedom2.local/ on line 1228 column 33 at http://mikedom2.local/
[24-Jun-2024 03:50:29 UTC] JavaScript Error: Uncaught TypeError: Cannot read properties of null (reading 'style') in http://mikedom2.local/ on line 1228 column 33 at http://mikedom2.local/
[24-Jun-2024 03:50:29 UTC] JavaScript Error: Uncaught TypeError: Cannot read properties of null (reading 'style') in http://mikedom2.local/ on line 1228 column 33 at http://mikedom2.local/
[24-Jun-2024 03:50:29 UTC] JavaScript Error: Uncaught TypeError: Cannot read properties of null (reading 'style') in http://mikedom2.local/ on line 1228 column 33 at http://mikedom2.local/
[24-Jun-2024 03:50:29 UTC] JavaScript Error: Uncaught TypeError: Cannot read properties of null (reading 'style') in http://mikedom2.local/ on line 1228 column 33 at http://mikedom2.local/
[24-Jun-2024 03:50:29 UTC] JavaScript Error: Uncaught TypeError: Cannot read properties of null (reading 'style') in http://mikedom2.local/ on line 1228 column 33 at http://mikedom2.local/
[24-Jun-2024 03:50:30 UTC] JavaScript Error: Uncaught TypeError: Cannot read properties of null (reading 'style') in http://mikedom2.local/ on line 1228 column 33 at http://mikedom2.local/
[24-Jun-2024 03:50:33 UTC] JavaScript Error: Uncaught TypeError: Cannot read properties of null (reading 'style') in http://mikedom2.local/?project_name=&campaign_type= on line 1228 column 33 at http://mikedom2.local/?project_name=&campaign_type=
[24-Jun-2024 03:50:33 UTC] JavaScript Error: Uncaught TypeError: Cannot read properties of null (reading 'style') in http://mikedom2.local/?project_name=&campaign_type= on line 1228 column 33 at http://mikedom2.local/?project_name=&campaign_type=
[24-Jun-2024 03:50:33 UTC] JavaScript Error: Uncaught TypeError: Cannot read properties of null (reading 'style') in http://mikedom2.local/?project_name=&campaign_type= on line 1228 column 33 at http://mikedom2.local/?project_name=&campaign_type=
[24-Jun-2024 03:50:33 UTC] JavaScript Error: Uncaught TypeError: Cannot read properties of null (reading 'style') in http://mikedom2.local/?project_name=&campaign_type= on line 1228 column 33 at http://mikedom2.local/?project_name=&campaign_type=
[24-Jun-2024 04:03:01 UTC] JavaScript Error: Uncaught TypeError: Cannot read properties of null (reading 'style') in http://mikedom2.local/ on line 1228 column 33 at http://mikedom2.local/
[24-Jun-2024 04:06:39 UTC] WordPress database error Unknown column 'Seeker_credits' in 'field list' for query INSERT INTO `wp_solution_seekers` (`PU_id`, `Seeker_company`, `Seeker_url`, `Seeker_location`, `Seeker_industry`, `Seeker_employee_count`, `Seeker_revenue`, `Seeker_leadership_level`, `Seeker_Department`, `Seeker_name`, `Seeker_title`, `Seeker_email`, `Seeker_phone`, `Seeker_credits`) VALUES (4, 'Maikorp', 'http://www.maikorp.org', 'Reading, PA', 'Healthcare', 500, '100 Million +', 'Supervisor', 'Operations', 'Emperor', 'Supervisor', 'emperor@email.com', '4446364774', 0) made by do_action('admin_post_handle_seeker_form'), WP_Hook->do_action, WP_Hook->apply_filters, handle_seeker_form
[24-Jun-2024 04:38:07 UTC] PHP Warning:  Attempt to read property "PU_id" on null in C:\Users\themy\Local Sites\mikedom2\app\public\wp-content\plugins\michaelsNewFormPlugin\michaelsNewFormPlugin.php on line 705
[24-Jun-2024 04:38:40 UTC] PHP Warning:  Attempt to read property "PU_id" on null in C:\Users\themy\Local Sites\mikedom2\app\public\wp-content\plugins\michaelsNewFormPlugin\michaelsNewFormPlugin.php on line 726
[24-Jun-2024 04:42:19 UTC] PHP Warning:  Attempt to read property "PU_name" on null in C:\Users\themy\Local Sites\mikedom2\app\public\wp-content\plugins\michaelsNewFormPlugin\michaelsNewFormPlugin.php on line 726
[24-Jun-2024 04:42:32 UTC] PHP Warning:  Attempt to read property "PU_name" on null in C:\Users\themy\Local Sites\mikedom2\app\public\wp-content\plugins\michaelsNewFormPlugin\michaelsNewFormPlugin.php on line 726
[24-Jun-2024 04:50:24 UTC] PHP Warning:  Attempt to read property "PU_name" on null in C:\Users\themy\Local Sites\mikedom2\app\public\wp-content\plugins\michaelsNewFormPlugin\michaelsNewFormPlugin.php on line 704
[24-Jun-2024 04:50:51 UTC] WordPress database error Table 'local.wp_provider_profiles' doesn't exist for query SHOW FULL COLUMNS FROM `wp_Provider_Profiles` made by do_action('admin_post_handle_provider_form'), WP_Hook->do_action, WP_Hook->apply_filters, handle_provider_form
[24-Jun-2024 04:50:51 UTC] PHP Warning:  Attempt to read property "PU_name" on null in C:\Users\themy\Local Sites\mikedom2\app\public\wp-content\plugins\michaelsNewFormPlugin\michaelsNewFormPlugin.php on line 704
[24-Jun-2024 04:54:35 UTC] PHP Warning:  Attempt to read property "PU_name" on null in C:\Users\themy\Local Sites\mikedom2\app\public\wp-content\plugins\michaelsNewFormPlugin\michaelsNewFormPlugin.php on line 704
[24-Jun-2024 04:55:15 UTC] PHP Warning:  Attempt to read property "PU_name" on null in C:\Users\themy\Local Sites\mikedom2\app\public\wp-content\plugins\michaelsNewFormPlugin\michaelsNewFormPlugin.php on line 704
[24-Jun-2024 04:55:40 UTC] WordPress database error Unknown column 'phone_number' in 'field list' for query INSERT INTO `wp_solution_providers` (`PU_ID`, `first_name`, `last_name`, `phone_number`, `phone_extension`, `title`, `company_name`) VALUES (7, 'Yoda', 'Jedi', '1234567890', '1', 'Owner', 'Jedi Council') made by do_action('admin_post_handle_provider_form'), WP_Hook->do_action, WP_Hook->apply_filters, handle_provider_form
[24-Jun-2024 04:55:40 UTC] PHP Warning:  Attempt to read property "PU_name" on null in C:\Users\themy\Local Sites\mikedom2\app\public\wp-content\plugins\michaelsNewFormPlugin\michaelsNewFormPlugin.php on line 704
[24-Jun-2024 05:02:55 UTC] WordPress database error Unknown column 'company_name' in 'field list' for query INSERT INTO `wp_solution_providers` (`PU_ID`, `first_name`, `last_name`, `phone`, `phone_extension`, `title`, `company_name`) VALUES (8, 'Yoda', 'Jedi', '1234567890', '1', 'Owner', 'Jedi Council') made by do_action('admin_post_handle_provider_form'), WP_Hook->do_action, WP_Hook->apply_filters, handle_provider_form
[24-Jun-2024 05:21:11 UTC] JavaScript Error: Uncaught TypeError: Cannot read properties of null (reading 'style') in http://mikedom2.local/ on line 1229 column 33 at http://mikedom2.local/
[24-Jun-2024 05:21:11 UTC] JavaScript Error: Uncaught TypeError: Cannot read properties of null (reading 'style') in http://mikedom2.local/ on line 1229 column 33 at http://mikedom2.local/
[24-Jun-2024 05:21:12 UTC] JavaScript Error: Uncaught TypeError: Cannot read properties of null (reading 'style') in http://mikedom2.local/ on line 1229 column 33 at http://mikedom2.local/
[24-Jun-2024 05:51:36 UTC] PHP Warning:  Undefined array key "TYPE_ID" in C:\Users\themy\Local Sites\mikedom2\app\public\wp-content\plugins\michaelsNewFormPlugin\michaelsNewFormPlugin.php on line 591
[24-Jun-2024 05:51:40 UTC] JavaScript Error: Uncaught TypeError: Cannot read properties of null (reading 'style') in http://mikedom2.local/ on line 1239 column 33 at http://mikedom2.local/
[24-Jun-2024 05:51:41 UTC] JavaScript Error: Uncaught TypeError: Cannot read properties of null (reading 'style') in http://mikedom2.local/ on line 1239 column 33 at http://mikedom2.local/
[24-Jun-2024 05:51:41 UTC] JavaScript Error: Uncaught TypeError: Cannot read properties of null (reading 'style') in http://mikedom2.local/ on line 1239 column 33 at http://mikedom2.local/
[24-Jun-2024 05:51:41 UTC] JavaScript Error: Uncaught TypeError: Cannot read properties of null (reading 'style') in http://mikedom2.local/ on line 1239 column 33 at http://mikedom2.local/
[24-Jun-2024 05:51:41 UTC] JavaScript Error: Uncaught TypeError: Cannot read properties of null (reading 'style') in http://mikedom2.local/ on line 1239 column 33 at http://mikedom2.local/
[24-Jun-2024 05:52:12 UTC] JavaScript Error: Uncaught TypeError: Cannot read properties of null (reading 'style') in http://mikedom2.local/?project_name=&campaign_type= on line 1239 column 33 at http://mikedom2.local/?project_name=&campaign_type=
[24-Jun-2024 05:52:12 UTC] JavaScript Error: Uncaught TypeError: Cannot read properties of null (reading 'style') in http://mikedom2.local/?project_name=&campaign_type= on line 1239 column 33 at http://mikedom2.local/?project_name=&campaign_type=
[24-Jun-2024 05:52:12 UTC] JavaScript Error: Uncaught TypeError: Cannot read properties of null (reading 'style') in http://mikedom2.local/?project_name=&campaign_type= on line 1239 column 33 at http://mikedom2.local/?project_name=&campaign_type=
[24-Jun-2024 05:52:12 UTC] JavaScript Error: Uncaught TypeError: Cannot read properties of null (reading 'style') in http://mikedom2.local/?project_name=&campaign_type= on line 1239 column 33 at http://mikedom2.local/?project_name=&campaign_type=
[24-Jun-2024 05:52:12 UTC] JavaScript Error: Uncaught TypeError: Cannot read properties of null (reading 'style') in http://mikedom2.local/?project_name=&campaign_type= on line 1239 column 33 at http://mikedom2.local/?project_name=&campaign_type=
[24-Jun-2024 05:52:13 UTC] JavaScript Error: Uncaught TypeError: Cannot read properties of null (reading 'style') in http://mikedom2.local/?project_name=&campaign_type= on line 1239 column 33 at http://mikedom2.local/?project_name=&campaign_type=
[24-Jun-2024 05:54:40 UTC] JavaScript Error: Uncaught TypeError: Cannot read properties of null (reading 'style') in http://mikedom2.local/ on line 1240 column 29 at http://mikedom2.local/
[24-Jun-2024 05:54:40 UTC] JavaScript Error: Uncaught TypeError: Cannot read properties of null (reading 'style') in http://mikedom2.local/ on line 1240 column 29 at http://mikedom2.local/
[24-Jun-2024 05:54:40 UTC] JavaScript Error: Uncaught TypeError: Cannot read properties of null (reading 'style') in http://mikedom2.local/ on line 1240 column 29 at http://mikedom2.local/
[24-Jun-2024 05:54:41 UTC] JavaScript Error: Uncaught TypeError: Cannot read properties of null (reading 'style') in http://mikedom2.local/ on line 1240 column 29 at http://mikedom2.local/
[24-Jun-2024 05:54:41 UTC] JavaScript Error: Uncaught TypeError: Cannot read properties of null (reading 'style') in http://mikedom2.local/ on line 1240 column 29 at http://mikedom2.local/
[24-Jun-2024 05:54:41 UTC] JavaScript Error: Uncaught TypeError: Cannot read properties of null (reading 'style') in http://mikedom2.local/ on line 1240 column 29 at http://mikedom2.local/
[24-Jun-2024 05:54:41 UTC] JavaScript Error: Uncaught TypeError: Cannot read properties of null (reading 'style') in http://mikedom2.local/ on line 1240 column 29 at http://mikedom2.local/
[24-Jun-2024 05:54:41 UTC] JavaScript Error: Uncaught TypeError: Cannot read properties of null (reading 'style') in http://mikedom2.local/ on line 1240 column 29 at http://mikedom2.local/
[24-Jun-2024 05:58:30 UTC] JavaScript Error: Uncaught TypeError: Cannot read properties of null (reading 'style') in http://mikedom2.local/ on line 1240 column 33 at http://mikedom2.local/
[24-Jun-2024 05:58:31 UTC] JavaScript Error: Uncaught TypeError: Cannot read properties of null (reading 'style') in http://mikedom2.local/ on line 1240 column 33 at http://mikedom2.local/
[24-Jun-2024 05:58:31 UTC] JavaScript Error: Uncaught TypeError: Cannot read properties of null (reading 'style') in http://mikedom2.local/ on line 1240 column 33 at http://mikedom2.local/
[24-Jun-2024 05:58:31 UTC] JavaScript Error: Uncaught TypeError: Cannot read properties of null (reading 'style') in http://mikedom2.local/ on line 1240 column 33 at http://mikedom2.local/
[24-Jun-2024 05:58:31 UTC] JavaScript Error: Uncaught TypeError: Cannot read properties of null (reading 'style') in http://mikedom2.local/ on line 1240 column 33 at http://mikedom2.local/
[24-Jun-2024 05:58:31 UTC] JavaScript Error: Uncaught TypeError: Cannot read properties of null (reading 'style') in http://mikedom2.local/ on line 1240 column 33 at http://mikedom2.local/
[24-Jun-2024 05:58:31 UTC] JavaScript Error: Uncaught TypeError: Cannot read properties of null (reading 'style') in http://mikedom2.local/ on line 1240 column 33 at http://mikedom2.local/
[24-Jun-2024 05:58:31 UTC] JavaScript Error: Uncaught TypeError: Cannot read properties of null (reading 'style') in http://mikedom2.local/ on line 1240 column 33 at http://mikedom2.local/
[24-Jun-2024 05:58:32 UTC] JavaScript Error: Uncaught TypeError: Cannot read properties of null (reading 'style') in http://mikedom2.local/ on line 1240 column 33 at http://mikedom2.local/
[24-Jun-2024 05:58:32 UTC] JavaScript Error: Uncaught TypeError: Cannot read properties of null (reading 'style') in http://mikedom2.local/ on line 1240 column 33 at http://mikedom2.local/
[24-Jun-2024 05:58:32 UTC] JavaScript Error: Uncaught TypeError: Cannot read properties of null (reading 'style') in http://mikedom2.local/ on line 1240 column 33 at http://mikedom2.local/
[24-Jun-2024 05:58:32 UTC] JavaScript Error: Uncaught TypeError: Cannot read properties of null (reading 'style') in http://mikedom2.local/ on line 1240 column 33 at http://mikedom2.local/
[24-Jun-2024 05:58:32 UTC] JavaScript Error: Uncaught TypeError: Cannot read properties of null (reading 'style') in http://mikedom2.local/ on line 1240 column 33 at http://mikedom2.local/
[24-Jun-2024 05:58:33 UTC] JavaScript Error: Uncaught TypeError: Cannot read properties of null (reading 'style') in http://mikedom2.local/ on line 1240 column 33 at http://mikedom2.local/
[24-Jun-2024 05:58:33 UTC] JavaScript Error: Uncaught TypeError: Cannot read properties of null (reading 'style') in http://mikedom2.local/ on line 1240 column 33 at http://mikedom2.local/
[24-Jun-2024 05:58:33 UTC] JavaScript Error: Uncaught TypeError: Cannot read properties of null (reading 'style') in http://mikedom2.local/ on line 1240 column 33 at http://mikedom2.local/
[24-Jun-2024 05:58:34 UTC] JavaScript Error: Uncaught TypeError: Cannot read properties of null (reading 'style') in http://mikedom2.local/ on line 1240 column 33 at http://mikedom2.local/
[24-Jun-2024 05:58:36 UTC] JavaScript Error: Uncaught TypeError: Cannot read properties of null (reading 'style') in http://mikedom2.local/ on line 1240 column 33 at http://mikedom2.local/
[24-Jun-2024 05:58:36 UTC] JavaScript Error: Uncaught TypeError: Cannot read properties of null (reading 'style') in http://mikedom2.local/ on line 1240 column 33 at http://mikedom2.local/
[24-Jun-2024 05:58:36 UTC] JavaScript Error: Uncaught TypeError: Cannot read properties of null (reading 'style') in http://mikedom2.local/ on line 1240 column 33 at http://mikedom2.local/
[24-Jun-2024 05:58:36 UTC] JavaScript Error: Uncaught TypeError: Cannot read properties of null (reading 'style') in http://mikedom2.local/ on line 1240 column 33 at http://mikedom2.local/
[24-Jun-2024 06:17:26 UTC] JavaScript Error: Uncaught TypeError: Cannot read properties of null (reading 'style') in http://mikedom2.local/ on line 1236 column 33 at http://mikedom2.local/
[24-Jun-2024 06:17:26 UTC] JavaScript Error: Uncaught TypeError: Cannot read properties of null (reading 'style') in http://mikedom2.local/ on line 1236 column 33 at http://mikedom2.local/
[24-Jun-2024 06:17:26 UTC] JavaScript Error: Uncaught TypeError: Cannot read properties of null (reading 'style') in http://mikedom2.local/ on line 1236 column 33 at http://mikedom2.local/
[24-Jun-2024 06:17:50 UTC] JavaScript Error: Uncaught TypeError: Cannot read properties of null (reading 'style') in http://mikedom2.local/ on line 1236 column 33 at http://mikedom2.local/
[24-Jun-2024 06:17:50 UTC] JavaScript Error: Uncaught TypeError: Cannot read properties of null (reading 'style') in http://mikedom2.local/ on line 1236 column 33 at http://mikedom2.local/
[24-Jun-2024 06:17:50 UTC] JavaScript Error: Uncaught TypeError: Cannot read properties of null (reading 'style') in http://mikedom2.local/ on line 1236 column 33 at http://mikedom2.local/
[24-Jun-2024 06:17:50 UTC] JavaScript Error: Uncaught TypeError: Cannot read properties of null (reading 'style') in http://mikedom2.local/ on line 1236 column 33 at http://mikedom2.local/
[24-Jun-2024 06:19:05 UTC] JavaScript Error: Uncaught TypeError: Cannot read properties of null (reading 'style') in http://mikedom2.local/ on line 1247 column 33 at http://mikedom2.local/
[24-Jun-2024 06:19:05 UTC] JavaScript Error: Uncaught TypeError: Cannot read properties of null (reading 'style') in http://mikedom2.local/ on line 1247 column 33 at http://mikedom2.local/
[24-Jun-2024 06:19:05 UTC] JavaScript Error: Uncaught TypeError: Cannot read properties of null (reading 'style') in http://mikedom2.local/ on line 1247 column 33 at http://mikedom2.local/
[24-Jun-2024 06:19:05 UTC] JavaScript Error: Uncaught TypeError: Cannot read properties of null (reading 'style') in http://mikedom2.local/ on line 1247 column 33 at http://mikedom2.local/
[24-Jun-2024 06:19:07 UTC] JavaScript Error: Uncaught TypeError: Cannot read properties of null (reading 'style') in http://mikedom2.local/ on line 1247 column 33 at http://mikedom2.local/
[24-Jun-2024 06:19:07 UTC] JavaScript Error: Uncaught TypeError: Cannot read properties of null (reading 'style') in http://mikedom2.local/ on line 1247 column 33 at http://mikedom2.local/
[24-Jun-2024 06:19:07 UTC] JavaScript Error: Uncaught TypeError: Cannot read properties of null (reading 'style') in http://mikedom2.local/ on line 1247 column 33 at http://mikedom2.local/
[24-Jun-2024 06:19:08 UTC] JavaScript Error: Uncaught TypeError: Cannot read properties of null (reading 'style') in http://mikedom2.local/ on line 1247 column 33 at http://mikedom2.local/
[24-Jun-2024 06:19:08 UTC] JavaScript Error: Uncaught TypeError: Cannot read properties of null (reading 'style') in http://mikedom2.local/ on line 1247 column 33 at http://mikedom2.local/
[24-Jun-2024 06:19:12 UTC] JavaScript Error: Uncaught TypeError: Cannot read properties of null (reading 'style') in http://mikedom2.local/ on line 1247 column 33 at http://mikedom2.local/
[24-Jun-2024 06:19:12 UTC] JavaScript Error: Uncaught TypeError: Cannot read properties of null (reading 'style') in http://mikedom2.local/ on line 1247 column 33 at http://mikedom2.local/
[24-Jun-2024 06:19:12 UTC] JavaScript Error: Uncaught TypeError: Cannot read properties of null (reading 'style') in http://mikedom2.local/ on line 1247 column 33 at http://mikedom2.local/
[24-Jun-2024 06:20:03 UTC] JavaScript Error: Uncaught TypeError: Cannot read properties of null (reading 'style') in http://mikedom2.local/ on line 979 column 33 at http://mikedom2.local/
[24-Jun-2024 06:20:04 UTC] JavaScript Error: Uncaught TypeError: Cannot read properties of null (reading 'style') in http://mikedom2.local/ on line 979 column 33 at http://mikedom2.local/
[24-Jun-2024 06:20:04 UTC] JavaScript Error: Uncaught TypeError: Cannot read properties of null (reading 'style') in http://mikedom2.local/ on line 979 column 33 at http://mikedom2.local/
[24-Jun-2024 06:20:04 UTC] JavaScript Error: Uncaught TypeError: Cannot read properties of null (reading 'style') in http://mikedom2.local/ on line 979 column 33 at http://mikedom2.local/
[24-Jun-2024 06:20:04 UTC] JavaScript Error: Uncaught TypeError: Cannot read properties of null (reading 'style') in http://mikedom2.local/ on line 979 column 33 at http://mikedom2.local/
[24-Jun-2024 06:20:04 UTC] JavaScript Error: Uncaught TypeError: Cannot read properties of null (reading 'style') in http://mikedom2.local/ on line 979 column 33 at http://mikedom2.local/
[24-Jun-2024 06:44:13 UTC] PHP Warning:  Undefined array key "TYPE_ID" in C:\Users\themy\Local Sites\mikedom2\app\public\wp-content\plugins\michaelsNewFormPlugin\michaelsNewFormPlugin.php on line 922
[24-Jun-2024 06:44:58 UTC] WordPress database error Unknown column 'pu.Provider_id' in 'field list' for query SELECT pu.PU_id AS PU_id, pu.Provider_id AS SP_id
         FROM wp_portal_users pu
         INNER JOIN wp_solution_providers sp ON pu.PU_id = sp.PU_id
         WHERE pu.PU_id = 10 made by do_action('admin_post_custom_login'), WP_Hook->do_action, WP_Hook->apply_filters, custom_login_handler
[24-Jun-2024 06:44:58 UTC] WordPress database error Unknown column 'pu.Seeker_id' in 'field list' for query SELECT pu.PU_id AS PU_id, pu.Seeker_id AS SK_id
             FROM wp_portal_users pu
             INNER JOIN wp_solution_seekers sk ON pu.PU_id = sk.PU_id
             WHERE pu.PU_id = 10 made by do_action('admin_post_custom_login'), WP_Hook->do_action, WP_Hook->apply_filters, custom_login_handler
[24-Jun-2024 06:44:58 UTC] PHP Warning:  Attempt to read property "SK_id" on null in C:\Users\themy\Local Sites\mikedom2\app\public\wp-content\plugins\michaelsNewFormPlugin\michaelsNewFormPlugin.php on line 82
[24-Jun-2024 06:44:58 UTC] PHP Warning:  Attempt to read property "SP_id" on null in C:\Users\themy\Local Sites\mikedom2\app\public\wp-content\plugins\michaelsNewFormPlugin\michaelsNewFormPlugin.php on line 87
[24-Jun-2024 07:23:58 UTC] PHP Warning:  mysqli_real_connect(): (HY000/2002): No connection could be made because the target machine actively refused it in C:\Users\themy\Local Sites\mikedom2\app\public\wp-includes\class-wpdb.php on line 1987
[24-Jun-2024 07:23:58 UTC] PHP Notice:  fwrite(): Write of 49 bytes failed with errno=22 Invalid argument in phar://C:/Users/themy/AppData/Local/Programs/Local/resources/extraResources/bin/wp-cli/wp-cli.phar/vendor/wp-cli/wp-cli/php/WP_CLI/Loggers/Base.php on line 66
[25-Jun-2024 00:47:24 UTC] PHP Warning:  Undefined array key "PU_ID" in C:\Users\themy\Local Sites\mikedom2\app\public\wp-content\plugins\michaelsNewFormPlugin\michaelsNewFormPlugin.php on line 660
[25-Jun-2024 00:47:24 UTC] PHP Warning:  Attempt to read property "SK_id" on null in C:\Users\themy\Local Sites\mikedom2\app\public\wp-content\plugins\michaelsNewFormPlugin\michaelsNewFormPlugin.php on line 670
[25-Jun-2024 00:48:07 UTC] PHP Warning:  Attempt to read property "SK_id" on null in C:\Users\themy\Local Sites\mikedom2\app\public\wp-content\plugins\michaelsNewFormPlugin\michaelsNewFormPlugin.php on line 670
[25-Jun-2024 01:51:28 UTC] PHP Warning:  Attempt to read property "SK_id" on null in C:\Users\themy\Local Sites\mikedom2\app\public\wp-content\plugins\michaelsNewFormPlugin\michaelsNewFormPlugin.php on line 670
[25-Jun-2024 01:51:28 UTC] WordPress database error Table 'local.wp_seeker_table' doesn't exist for query SELECT pd.*, st.Seeker_name, GROUP_CONCAT(DISTINCT it.interest_name SEPARATOR ', ') AS interests 
            FROM wp_project_description pd 
            LEFT JOIN wp_seeker_table st ON pd.Seeker_id = st.Seeker_id 
            LEFT JOIN wp_project_interests pi ON pd.Project_id = pi.Project_id 
            LEFT JOIN wp_interests it ON pi.interest_id = it.interest_id 
            WHERE 1=1 GROUP BY pd.Project_id made by require('wp-blog-header.php'), require_once('wp-includes/template-loader.php'), include('wp-includes/template-canvas.php'), get_the_block_template_html, do_blocks, render_block, WP_Block->render, WP_Block->render, render_block_core_post_content, apply_filters('the_content'), WP_Hook->apply_filters, do_shortcode, preg_replace_callback, do_shortcode_tag, display_projects
[25-Jun-2024 01:51:34 UTC] PHP Warning:  Undefined array key "PU_ID" in C:\Users\themy\Local Sites\mikedom2\app\public\wp-content\plugins\michaelsNewFormPlugin\michaelsNewFormPlugin.php on line 660
[25-Jun-2024 01:51:34 UTC] PHP Warning:  Attempt to read property "SK_id" on null in C:\Users\themy\Local Sites\mikedom2\app\public\wp-content\plugins\michaelsNewFormPlugin\michaelsNewFormPlugin.php on line 670
[25-Jun-2024 01:51:34 UTC] WordPress database error Table 'local.wp_seeker_table' doesn't exist for query SELECT pd.*, st.Seeker_name, GROUP_CONCAT(DISTINCT it.interest_name SEPARATOR ', ') AS interests 
            FROM wp_project_description pd 
            LEFT JOIN wp_seeker_table st ON pd.Seeker_id = st.Seeker_id 
            LEFT JOIN wp_project_interests pi ON pd.Project_id = pi.Project_id 
            LEFT JOIN wp_interests it ON pi.interest_id = it.interest_id 
            WHERE 1=1 GROUP BY pd.Project_id made by require('wp-blog-header.php'), require_once('wp-includes/template-loader.php'), include('wp-includes/template-canvas.php'), get_the_block_template_html, do_blocks, render_block, WP_Block->render, WP_Block->render, render_block_core_post_content, apply_filters('the_content'), WP_Hook->apply_filters, do_shortcode, preg_replace_callback, do_shortcode_tag, display_projects
[25-Jun-2024 01:54:35 UTC] PHP Warning:  Undefined array key "PU_ID" in C:\Users\themy\Local Sites\mikedom2\app\public\wp-content\plugins\michaelsNewFormPlugin\michaelsNewFormPlugin.php on line 660
[25-Jun-2024 01:54:35 UTC] PHP Warning:  Attempt to read property "SK_id" on null in C:\Users\themy\Local Sites\mikedom2\app\public\wp-content\plugins\michaelsNewFormPlugin\michaelsNewFormPlugin.php on line 670
[25-Jun-2024 01:55:14 UTC] PHP Warning:  Attempt to read property "SK_id" on null in C:\Users\themy\Local Sites\mikedom2\app\public\wp-content\plugins\michaelsNewFormPlugin\michaelsNewFormPlugin.php on line 670
[25-Jun-2024 01:55:48 UTC] PHP Warning:  Undefined array key "PU_ID" in C:\Users\themy\Local Sites\mikedom2\app\public\wp-content\plugins\michaelsNewFormPlugin\michaelsNewFormPlugin.php on line 660
[25-Jun-2024 01:55:48 UTC] PHP Warning:  Attempt to read property "SK_id" on null in C:\Users\themy\Local Sites\mikedom2\app\public\wp-content\plugins\michaelsNewFormPlugin\michaelsNewFormPlugin.php on line 670
[25-Jun-2024 02:15:21 UTC] PHP Warning:  Undefined array key "PU_ID" in C:\Users\themy\Local Sites\mikedom2\app\public\wp-content\plugins\michaelsNewFormPlugin\michaelsNewFormPlugin.php on line 660
[25-Jun-2024 02:15:21 UTC] PHP Warning:  Attempt to read property "SK_id" on null in C:\Users\themy\Local Sites\mikedom2\app\public\wp-content\plugins\michaelsNewFormPlugin\michaelsNewFormPlugin.php on line 670
[25-Jun-2024 02:15:21 UTC] PHP Warning:  Undefined array key "PU_ID" in C:\Users\themy\Local Sites\mikedom2\app\public\wp-content\plugins\michaelsNewFormPlugin\michaelsNewFormPlugin.php on line 1103
[25-Jun-2024 02:15:21 UTC] PHP Warning:  Attempt to read property "SK_id" on null in C:\Users\themy\Local Sites\mikedom2\app\public\wp-content\plugins\michaelsNewFormPlugin\michaelsNewFormPlugin.php on line 1106
[25-Jun-2024 02:35:11 UTC] PHP Warning:  Attempt to read property "SK_id" on null in C:\Users\themy\Local Sites\mikedom2\app\public\wp-content\plugins\michaelsNewFormPlugin\michaelsNewFormPlugin.php on line 670
[25-Jun-2024 02:46:27 UTC] PHP Warning:  Attempt to read property "SK_id" on null in C:\Users\themy\Local Sites\mikedom2\app\public\wp-content\plugins\michaelsNewFormPlugin\michaelsNewFormPlugin.php on line 670
[25-Jun-2024 02:51:14 UTC] PHP Warning:  Attempt to read property "SK_id" on null in C:\Users\themy\Local Sites\mikedom2\app\public\wp-content\plugins\michaelsNewFormPlugin\michaelsNewFormPlugin.php on line 670
[25-Jun-2024 02:51:58 UTC] PHP Warning:  Attempt to read property "SK_id" on null in C:\Users\themy\Local Sites\mikedom2\app\public\wp-content\plugins\michaelsNewFormPlugin\michaelsNewFormPlugin.php on line 670
[25-Jun-2024 02:53:51 UTC] PHP Warning:  Attempt to read property "SK_id" on null in C:\Users\themy\Local Sites\mikedom2\app\public\wp-content\plugins\michaelsNewFormPlugin\michaelsNewFormPlugin.php on line 670
[25-Jun-2024 02:54:09 UTC] PHP Warning:  Attempt to read property "SK_id" on null in C:\Users\themy\Local Sites\mikedom2\app\public\wp-content\plugins\michaelsNewFormPlugin\michaelsNewFormPlugin.php on line 670
[25-Jun-2024 02:56:34 UTC] PHP Warning:  Attempt to read property "SK_id" on null in C:\Users\themy\Local Sites\mikedom2\app\public\wp-content\plugins\michaelsNewFormPlugin\michaelsNewFormPlugin.php on line 716
[25-Jun-2024 02:56:34 UTC] PHP Warning:  Attempt to read property "SK_id" on null in C:\Users\themy\Local Sites\mikedom2\app\public\wp-content\plugins\michaelsNewFormPlugin\michaelsNewFormPlugin.php on line 1153
[25-Jun-2024 02:59:51 UTC] PHP Warning:  Attempt to read property "SK_id" on null in C:\Users\themy\Local Sites\mikedom2\app\public\wp-content\plugins\michaelsNewFormPlugin\michaelsNewFormPlugin.php on line 747
[25-Jun-2024 03:00:23 UTC] PHP Warning:  Attempt to read property "SK_id" on null in C:\Users\themy\Local Sites\mikedom2\app\public\wp-content\plugins\michaelsNewFormPlugin\michaelsNewFormPlugin.php on line 727
[25-Jun-2024 03:00:28 UTC] PHP Warning:  Attempt to read property "SK_id" on null in C:\Users\themy\Local Sites\mikedom2\app\public\wp-content\plugins\michaelsNewFormPlugin\michaelsNewFormPlugin.php on line 727
[25-Jun-2024 03:00:36 UTC] PHP Warning:  Attempt to read property "SK_id" on null in C:\Users\themy\Local Sites\mikedom2\app\public\wp-content\plugins\michaelsNewFormPlugin\michaelsNewFormPlugin.php on line 727
[25-Jun-2024 03:05:11 UTC] PHP Warning:  Attempt to read property "SK_id" on null in C:\Users\themy\Local Sites\mikedom2\app\public\wp-content\plugins\michaelsNewFormPlugin\michaelsNewFormPlugin.php on line 727
[25-Jun-2024 03:05:28 UTC] PHP Warning:  Attempt to read property "SK_id" on null in C:\Users\themy\Local Sites\mikedom2\app\public\wp-content\plugins\michaelsNewFormPlugin\michaelsNewFormPlugin.php on line 727
[25-Jun-2024 03:06:36 UTC] PHP Warning:  Attempt to read property "SK_id" on null in C:\Users\themy\Local Sites\mikedom2\app\public\wp-content\plugins\michaelsNewFormPlugin\michaelsNewFormPlugin.php on line 727
[25-Jun-2024 03:12:41 UTC] PHP Warning:  Undefined array key "PU_ID" in C:\Users\themy\Local Sites\mikedom2\app\public\wp-content\plugins\michaelsNewFormPlugin\michaelsNewFormPlugin.php on line 813
[25-Jun-2024 03:12:41 UTC] PHP Warning:  Attempt to read property "SK_id" on null in C:\Users\themy\Local Sites\mikedom2\app\public\wp-content\plugins\michaelsNewFormPlugin\michaelsNewFormPlugin.php on line 823
[25-Jun-2024 03:21:54 UTC] PHP Warning:  Attempt to read property "SK_id" on null in C:\Users\themy\Local Sites\mikedom2\app\public\wp-content\plugins\michaelsNewFormPlugin\michaelsNewFormPlugin.php on line 823
[25-Jun-2024 04:13:46 UTC] PHP Warning:  Attempt to read property "SK_id" on null in C:\Users\themy\Local Sites\mikedom2\app\public\wp-content\plugins\michaelsNewFormPlugin\michaelsNewFormPlugin.php on line 823
[25-Jun-2024 04:17:48 UTC] PHP Warning:  Attempt to read property "SK_id" on null in C:\Users\themy\Local Sites\mikedom2\app\public\wp-content\plugins\michaelsNewFormPlugin\michaelsNewFormPlugin.php on line 823
[25-Jun-2024 04:24:40 UTC] PHP Warning:  Undefined array key "PU_ID" in C:\Users\themy\Local Sites\mikedom2\app\public\wp-content\plugins\michaelsNewFormPlugin\michaelsNewFormPlugin.php on line 813
[25-Jun-2024 04:24:40 UTC] PHP Warning:  Attempt to read property "SK_id" on null in C:\Users\themy\Local Sites\mikedom2\app\public\wp-content\plugins\michaelsNewFormPlugin\michaelsNewFormPlugin.php on line 823
[25-Jun-2024 04:45:40 UTC] PHP Warning:  Undefined array key "PU_ID" in C:\Users\themy\Local Sites\mikedom2\app\public\wp-content\plugins\michaelsNewFormPlugin\michaelsNewFormPlugin.php on line 813
[25-Jun-2024 06:13:46 UTC] PHP Fatal error:  Uncaught TypeError: call_user_func_array(): Argument #1 ($callback) must be a valid callback, function "handle_meeting_confirmation" not found or invalid function name in C:\Users\themy\Local Sites\mikedom2\app\public\wp-includes\class-wp-hook.php:324
Stack trace:
#0 C:\Users\themy\Local Sites\mikedom2\app\public\wp-includes\class-wp-hook.php(348): WP_Hook->apply_filters('', Array)
#1 C:\Users\themy\Local Sites\mikedom2\app\public\wp-includes\plugin.php(517): WP_Hook->do_action(Array)
#2 C:\Users\themy\Local Sites\mikedom2\app\public\wp-admin\admin-post.php(85): do_action('admin_post_hand...')
#3 {main}
  thrown in C:\Users\themy\Local Sites\mikedom2\app\public\wp-includes\class-wp-hook.php on line 324
[25-Jun-2024 07:10:51 UTC] PHP Warning:  mysqli_real_connect(): (HY000/2002): No connection could be made because the target machine actively refused it in C:\Users\themy\Local Sites\mikedom2\app\public\wp-includes\class-wpdb.php on line 1987
